  P2P.cpp
D:\UniWork\Year 03\CMP303\CMP303-TanksMultiplayer-JanHuss-2101697\CMP303-TanksMultiplayer-JanHuss-2101697\CMP303-TanksMultiplayer\CMP303-TanksMultiplayer\P2P.cpp(49,35): warning C4267: 'initializing': conversion from 'size_t' to 'int', possible loss of data
D:\UniWork\Year 03\CMP303\CMP303-TanksMultiplayer-JanHuss-2101697\CMP303-TanksMultiplayer-JanHuss-2101697\CMP303-TanksMultiplayer\CMP303-TanksMultiplayer\P2P.cpp(113,23): warning C4244: '=': conversion from 'int' to 'T', possible loss of data
          with
          [
              T=float
          ]
D:\UniWork\Year 03\CMP303\CMP303-TanksMultiplayer-JanHuss-2101697\CMP303-TanksMultiplayer-JanHuss-2101697\CMP303-TanksMultiplayer\CMP303-TanksMultiplayer\P2P.cpp(114,23): warning C4244: '=': conversion from 'int' to 'T', possible loss of data
          with
          [
              T=float
          ]
D:\UniWork\Year 03\CMP303\CMP303-TanksMultiplayer-JanHuss-2101697\CMP303-TanksMultiplayer-JanHuss-2101697\CMP303-TanksMultiplayer\CMP303-TanksMultiplayer\P2P.cpp(385,56): warning C4244: 'argument': conversion from 'int' to 'float', possible loss of data
D:\UniWork\Year 03\CMP303\CMP303-TanksMultiplayer-JanHuss-2101697\CMP303-TanksMultiplayer-JanHuss-2101697\CMP303-TanksMultiplayer\CMP303-TanksMultiplayer\P2P.cpp(385,37): warning C4244: 'argument': conversion from 'int' to 'float', possible loss of data
D:\UniWork\Year 03\CMP303\CMP303-TanksMultiplayer-JanHuss-2101697\CMP303-TanksMultiplayer-JanHuss-2101697\CMP303-TanksMultiplayer\CMP303-TanksMultiplayer\P2P.cpp(387,12): warning C4244: 'initializing': conversion from 'const T' to 'int', possible loss of data
          with
          [
              T=float
          ]
D:\UniWork\Year 03\CMP303\CMP303-TanksMultiplayer-JanHuss-2101697\CMP303-TanksMultiplayer-JanHuss-2101697\CMP303-TanksMultiplayer\CMP303-TanksMultiplayer\P2P.cpp(388,12): warning C4244: 'initializing': conversion from 'const T' to 'int', possible loss of data
          with
          [
              T=float
          ]
  Tank.cpp
D:\UniWork\Year 03\CMP303\CMP303-TanksMultiplayer-JanHuss-2101697\CMP303-TanksMultiplayer-JanHuss-2101697\CMP303-TanksMultiplayer\CMP303-TanksMultiplayer\Tank.cpp(20,64): warning C4244: 'argument': conversion from 'int' to 'float', possible loss of data
D:\UniWork\Year 03\CMP303\CMP303-TanksMultiplayer-JanHuss-2101697\CMP303-TanksMultiplayer-JanHuss-2101697\CMP303-TanksMultiplayer\CMP303-TanksMultiplayer\Tank.cpp(20,35): warning C4244: 'argument': conversion from 'int' to 'float', possible loss of data
D:\UniWork\Year 03\CMP303\CMP303-TanksMultiplayer-JanHuss-2101697\CMP303-TanksMultiplayer-JanHuss-2101697\CMP303-TanksMultiplayer\CMP303-TanksMultiplayer\Tank.cpp(24,78): warning C4244: 'argument': conversion from 'int' to 'float', possible loss of data
D:\UniWork\Year 03\CMP303\CMP303-TanksMultiplayer-JanHuss-2101697\CMP303-TanksMultiplayer-JanHuss-2101697\CMP303-TanksMultiplayer\CMP303-TanksMultiplayer\Tank.cpp(24,49): warning C4244: 'argument': conversion from 'int' to 'float', possible loss of data
D:\UniWork\Year 03\CMP303\CMP303-TanksMultiplayer-JanHuss-2101697\CMP303-TanksMultiplayer-JanHuss-2101697\CMP303-TanksMultiplayer\CMP303-TanksMultiplayer\Tank.cpp(32,29): warning C4244: 'argument': conversion from 'int' to 'float', possible loss of data
D:\UniWork\Year 03\CMP303\CMP303-TanksMultiplayer-JanHuss-2101697\CMP303-TanksMultiplayer-JanHuss-2101697\CMP303-TanksMultiplayer\CMP303-TanksMultiplayer\Tank.cpp(33,14): warning C4244: 'argument': conversion from 'int' to 'float', possible loss of data
D:\UniWork\Year 03\CMP303\CMP303-TanksMultiplayer-JanHuss-2101697\CMP303-TanksMultiplayer-JanHuss-2101697\CMP303-TanksMultiplayer\CMP303-TanksMultiplayer\Tank.cpp(60,30): warning C4244: 'argument': conversion from 'int' to 'float', possible loss of data
D:\UniWork\Year 03\CMP303\CMP303-TanksMultiplayer-JanHuss-2101697\CMP303-TanksMultiplayer-JanHuss-2101697\CMP303-TanksMultiplayer\CMP303-TanksMultiplayer\Tank.cpp(61,15): warning C4244: 'argument': conversion from 'int' to 'float', possible loss of data
D:\UniWork\Year 03\CMP303\CMP303-TanksMultiplayer-JanHuss-2101697\CMP303-TanksMultiplayer-JanHuss-2101697\CMP303-TanksMultiplayer\CMP303-TanksMultiplayer\Tank.cpp(67,30): warning C4244: 'argument': conversion from 'int' to 'float', possible loss of data
D:\UniWork\Year 03\CMP303\CMP303-TanksMultiplayer-JanHuss-2101697\CMP303-TanksMultiplayer-JanHuss-2101697\CMP303-TanksMultiplayer\CMP303-TanksMultiplayer\Tank.cpp(68,15): warning C4244: 'argument': conversion from 'int' to 'float', possible loss of data
D:\UniWork\Year 03\CMP303\CMP303-TanksMultiplayer-JanHuss-2101697\CMP303-TanksMultiplayer-JanHuss-2101697\CMP303-TanksMultiplayer\CMP303-TanksMultiplayer\Tank.cpp(74,30): warning C4244: 'argument': conversion from 'int' to 'float', possible loss of data
D:\UniWork\Year 03\CMP303\CMP303-TanksMultiplayer-JanHuss-2101697\CMP303-TanksMultiplayer-JanHuss-2101697\CMP303-TanksMultiplayer\CMP303-TanksMultiplayer\Tank.cpp(75,15): warning C4244: 'argument': conversion from 'int' to 'float', possible loss of data
D:\UniWork\Year 03\CMP303\CMP303-TanksMultiplayer-JanHuss-2101697\CMP303-TanksMultiplayer-JanHuss-2101697\CMP303-TanksMultiplayer\CMP303-TanksMultiplayer\Tank.cpp(81,30): warning C4244: 'argument': conversion from 'int' to 'float', possible loss of data
D:\UniWork\Year 03\CMP303\CMP303-TanksMultiplayer-JanHuss-2101697\CMP303-TanksMultiplayer-JanHuss-2101697\CMP303-TanksMultiplayer\CMP303-TanksMultiplayer\Tank.cpp(82,15): warning C4244: 'argument': conversion from 'int' to 'float', possible loss of data
D:\UniWork\Year 03\CMP303\CMP303-TanksMultiplayer-JanHuss-2101697\CMP303-TanksMultiplayer-JanHuss-2101697\CMP303-TanksMultiplayer\CMP303-TanksMultiplayer\Tank.cpp(127,37): warning C4267: 'initializing': conversion from 'size_t' to 'int', possible loss of data
D:\UniWork\Year 03\CMP303\CMP303-TanksMultiplayer-JanHuss-2101697\CMP303-TanksMultiplayer-JanHuss-2101697\CMP303-TanksMultiplayer\CMP303-TanksMultiplayer\Tank.cpp(127,37): warning C4267: 'initializing': conversion from 'size_t' to 'const int', possible loss of data
  Generating Code...
  CMP303-TanksMultiplayer.vcxproj -> D:\UniWork\Year 03\CMP303\CMP303-TanksMultiplayer-JanHuss-2101697\CMP303-TanksMultiplayer-JanHuss-2101697\CMP303-TanksMultiplayer\x64\Debug\CMP303-TanksMultiplayer.exe
