d:\uniwork\year 03\cmp303\cmp303-tanksmultiplayer-janhuss-2101697\cmp303-tanksmultiplayer-janhuss-2101697\cmp303-tanksmultiplayer\cmp303-tanksmultiplayer\x64\debug\vc143.pdb
d:\uniwork\year 03\cmp303\cmp303-tanksmultiplayer-janhuss-2101697\cmp303-tanksmultiplayer-janhuss-2101697\cmp303-tanksmultiplayer\cmp303-tanksmultiplayer\x64\debug\vc143.idb
d:\uniwork\year 03\cmp303\cmp303-tanksmultiplayer-janhuss-2101697\cmp303-tanksmultiplayer-janhuss-2101697\cmp303-tanksmultiplayer\cmp303-tanksmultiplayer\x64\debug\tank.obj
d:\uniwork\year 03\cmp303\cmp303-tanksmultiplayer-janhuss-2101697\cmp303-tanksmultiplayer-janhuss-2101697\cmp303-tanksmultiplayer\cmp303-tanksmultiplayer\x64\debug\p2p.obj
d:\uniwork\year 03\cmp303\cmp303-tanksmultiplayer-janhuss-2101697\cmp303-tanksmultiplayer-janhuss-2101697\cmp303-tanksmultiplayer\cmp303-tanksmultiplayer\x64\debug\networksimulator.obj
d:\uniwork\year 03\cmp303\cmp303-tanksmultiplayer-janhuss-2101697\cmp303-tanksmultiplayer-janhuss-2101697\cmp303-tanksmultiplayer\cmp303-tanksmultiplayer\x64\debug\main.obj
d:\uniwork\year 03\cmp303\cmp303-tanksmultiplayer-janhuss-2101697\cmp303-tanksmultiplayer-janhuss-2101697\cmp303-tanksmultiplayer\cmp303-tanksmultiplayer\x64\debug\levelmanager.obj
d:\uniwork\year 03\cmp303\cmp303-tanksmultiplayer-janhuss-2101697\cmp303-tanksmultiplayer-janhuss-2101697\cmp303-tanksmultiplayer\cmp303-tanksmultiplayer\x64\debug\input.obj
d:\uniwork\year 03\cmp303\cmp303-tanksmultiplayer-janhuss-2101697\cmp303-tanksmultiplayer-janhuss-2101697\cmp303-tanksmultiplayer\cmp303-tanksmultiplayer\x64\debug\font.obj
d:\uniwork\year 03\cmp303\cmp303-tanksmultiplayer-janhuss-2101697\cmp303-tanksmultiplayer-janhuss-2101697\cmp303-tanksmultiplayer\cmp303-tanksmultiplayer\x64\debug\floor.obj
d:\uniwork\year 03\cmp303\cmp303-tanksmultiplayer-janhuss-2101697\cmp303-tanksmultiplayer-janhuss-2101697\cmp303-tanksmultiplayer\x64\debug\cmp303-tanksmultiplayer.exe
d:\uniwork\year 03\cmp303\cmp303-tanksmultiplayer-janhuss-2101697\cmp303-tanksmultiplayer-janhuss-2101697\cmp303-tanksmultiplayer\cmp303-tanksmultiplayer\x64\debug\cmp303-tanksmultiplayer.ilk
d:\uniwork\year 03\cmp303\cmp303-tanksmultiplayer-janhuss-2101697\cmp303-tanksmultiplayer-janhuss-2101697\cmp303-tanksmultiplayer\x64\debug\cmp303-tanksmultiplayer.pdb
d:\uniwork\year 03\cmp303\cmp303-tanksmultiplayer-janhuss-2101697\cmp303-tanksmultiplayer-janhuss-2101697\cmp303-tanksmultiplayer\cmp303-tanksmultiplayer\x64\debug\cmp303-t.3910dcde.tlog\cl.command.1.tlog
d:\uniwork\year 03\cmp303\cmp303-tanksmultiplayer-janhuss-2101697\cmp303-tanksmultiplayer-janhuss-2101697\cmp303-tanksmultiplayer\cmp303-tanksmultiplayer\x64\debug\cmp303-t.3910dcde.tlog\cl.items.tlog
d:\uniwork\year 03\cmp303\cmp303-tanksmultiplayer-janhuss-2101697\cmp303-tanksmultiplayer-janhuss-2101697\cmp303-tanksmultiplayer\cmp303-tanksmultiplayer\x64\debug\cmp303-t.3910dcde.tlog\cl.read.1.tlog
d:\uniwork\year 03\cmp303\cmp303-tanksmultiplayer-janhuss-2101697\cmp303-tanksmultiplayer-janhuss-2101697\cmp303-tanksmultiplayer\cmp303-tanksmultiplayer\x64\debug\cmp303-t.3910dcde.tlog\cl.write.1.tlog
d:\uniwork\year 03\cmp303\cmp303-tanksmultiplayer-janhuss-2101697\cmp303-tanksmultiplayer-janhuss-2101697\cmp303-tanksmultiplayer\cmp303-tanksmultiplayer\x64\debug\cmp303-t.3910dcde.tlog\link.command.1.tlog
d:\uniwork\year 03\cmp303\cmp303-tanksmultiplayer-janhuss-2101697\cmp303-tanksmultiplayer-janhuss-2101697\cmp303-tanksmultiplayer\cmp303-tanksmultiplayer\x64\debug\cmp303-t.3910dcde.tlog\link.read.1.tlog
d:\uniwork\year 03\cmp303\cmp303-tanksmultiplayer-janhuss-2101697\cmp303-tanksmultiplayer-janhuss-2101697\cmp303-tanksmultiplayer\cmp303-tanksmultiplayer\x64\debug\cmp303-t.3910dcde.tlog\link.write.1.tlog
